0 info it worked if it ends with ok
1 verbose cli [ 'node',
1 verbose cli   '/Users/huip/.nvm/v0.11.13/bin/npm',
1 verbose cli   'run-script',
1 verbose cli   'dev' ]
2 info using npm@1.4.28
3 info using node@v0.11.13
4 verbose run-script [ 'predev', 'dev', 'postdev' ]
5 info predev hawtorn@0.0.1
6 info dev hawtorn@0.0.1
7 verbose unsafe-perm in lifecycle true
8 info hawtorn@0.0.1 Failed to exec dev script
9 error hawtorn@0.0.1 dev: `supervisor app.coffee`
9 error Exit status 1
10 error Failed at the hawtorn@0.0.1 dev script.
10 error This is most likely a problem with the hawtorn package,
10 error not with npm itself.
10 error Tell the author that this fails on your system:
10 error     supervisor app.coffee
10 error You can get their info via:
10 error     npm owner ls hawtorn
10 error There is likely additional logging output above.
11 error System Darwin 14.0.0
12 error command "node" "/Users/huip/.nvm/v0.11.13/bin/npm" "run-script" "dev"
13 error cwd /Users/huip/Projects/slowlytime/hawthorn
14 error node -v v0.11.13
15 error npm -v 1.4.28
16 error code ELIFECYCLE
17 verbose exit [ 1, true ]
